{"contracts/FessChain.sol":{"l":{"10":2,"14":35,"15":28,"19":1,"22":1,"23":1,"24":1,"25":1,"36":50,"37":44,"41":7,"42":7,"46":7,"47":7,"51":7,"52":7,"157":72,"158":72,"160":72,"173":67,"174":67,"176":67,"192":13,"193":0,"196":13,"197":13,"199":13,"215":35,"216":35,"219":35,"263":15,"270":63,"278":8,"289":2,"290":2,"307":1,"308":1,"326":1,"327":1,"345":28,"346":28,"348":28,"349":28,"350":28,"363":2,"365":2,"366":2,"367":2,"382":1,"384":1,"385":1,"386":1,"402":1,"403":1,"404":1,"422":5,"423":5,"425":5,"426":5,"459":2,"460":2,"461":2,"475":3,"478":1,"479":0,"485":2,"489":2,"506":1,"509":0,"510":0,"516":1,"519":1,"530":2,"531":2,"532":2,"533":2,"534":2,"535":2,"536":2,"537":2,"538":2,"549":2,"550":2,"551":2,"552":2,"553":2,"554":2,"555":2,"556":2,"568":2,"569":2,"570":2,"571":2,"572":2,"573":2,"584":2,"585":2,"586":2,"587":2,"588":2,"589":2,"600":2,"601":2,"602":2,"603":2,"604":2,"605":2,"617":1,"618":1,"619":1,"620":1,"621":1,"622":1,"633":2,"634":2,"635":2,"636":2,"637":2,"638":2,"650":1,"655":12,"656":11,"657":11,"659":11,"661":1,"662":1,"663":1,"664":1,"669":1,"670":1,"671":1,"672":1,"677":1,"678":1,"679":1,"680":1,"685":1,"686":1,"687":1,"688":1,"693":1,"694":1,"695":1,"696":1,"701":1,"702":1,"703":1,"704":1,"709":1,"710":1,"711":1,"712":1,"717":1,"718":1,"719":1,"720":1,"725":1,"726":1,"727":1,"728":1,"733":2,"734":1,"735":1},"path":"/home/abhi/Projects/fesschain/contracts/FessChain.sol","s":{"1":2,"2":35,"3":1,"4":1,"5":1,"6":1,"7":1,"8":50,"9":7,"10":7,"11":7,"12":7,"13":7,"14":72,"15":72,"16":72,"17":67,"18":67,"19":67,"20":13,"21":0,"22":13,"23":13,"24":13,"25":35,"26":35,"27":35,"28":15,"29":63,"30":8,"31":2,"32":2,"33":1,"34":1,"35":1,"36":1,"37":28,"38":28,"39":28,"40":28,"41":28,"42":2,"43":2,"44":2,"45":2,"46":1,"47":1,"48":1,"49":1,"50":1,"51":1,"52":1,"53":5,"54":5,"55":5,"56":5,"57":2,"58":2,"59":3,"60":1,"61":2,"62":1,"63":0,"64":1,"65":2,"66":2,"67":2,"68":2,"69":2,"70":2,"71":2,"72":2,"73":2,"74":2,"75":2,"76":2,"77":2,"78":2,"79":2,"80":2,"81":2,"82":2,"83":2,"84":2,"85":2,"86":2,"87":2,"88":2,"89":2,"90":2,"91":2,"92":2,"93":2,"94":2,"95":1,"96":1,"97":1,"98":1,"99":1,"100":2,"101":2,"102":2,"103":2,"104":2,"105":1,"106":12,"107":11,"108":11,"109":11,"110":1,"111":1,"112":1,"113":10,"114":1,"115":1,"116":1,"117":9,"118":1,"119":1,"120":1,"121":8,"122":1,"123":1,"124":1,"125":7,"126":1,"127":1,"128":1,"129":6,"130":1,"131":1,"132":1,"133":5,"134":1,"135":1,"136":1,"137":4,"138":1,"139":1,"140":1,"141":3,"142":1,"143":1,"144":1,"145":2,"146":2,"147":1},"b":{"1":[28,7],"2":[1,0],"3":[44,6],"4":[7,0],"5":[72,0],"6":[67,0],"7":[0,13],"8":[13,0],"9":[35,0],"10":[28,0],"11":[28,0],"12":[2,0],"13":[1,0],"14":[5,0],"15":[5,0],"16":[1,2],"17":[0,1],"18":[0,1],"19":[0,0],"20":[2,0],"21":[2,0],"22":[2,0],"23":[2,0],"24":[2,0],"25":[2,0],"26":[2,0],"27":[2,0],"28":[2,0],"29":[2,0],"30":[1,0],"31":[1,0],"32":[2,0],"33":[2,0],"34":[11,1],"35":[11,0],"36":[1,10],"37":[1,0],"38":[1,0],"39":[1,9],"40":[1,0],"41":[1,0],"42":[1,8],"43":[1,0],"44":[1,0],"45":[1,7],"46":[1,0],"47":[1,0],"48":[1,6],"49":[1,0],"50":[1,0],"51":[1,5],"52":[1,0],"53":[1,0],"54":[1,4],"55":[1,0],"56":[1,0],"57":[1,3],"58":[1,0],"59":[1,0],"60":[1,2],"61":[1,0],"62":[1,0],"63":[2,0],"64":[1,1]},"f":{"1":2,"2":35,"3":1,"4":1,"5":50,"6":7,"7":7,"8":7,"9":72,"10":67,"11":13,"12":35,"13":15,"14":63,"15":8,"16":2,"17":1,"18":1,"19":28,"20":2,"21":1,"22":1,"23":5,"24":2,"25":3,"26":1,"27":2,"28":2,"29":2,"30":2,"31":2,"32":1,"33":2,"34":1,"35":12},"fnMap":{"1":{"name":null,"line":9,"loc":{"start":{"line":9,"column":4},"end":{"line":9,"column":36}}},"2":{"name":"onlyOwner","line":13,"loc":{"start":{"line":13,"column":4},"end":{"line":13,"column":20}}},"3":{"name":"transferOwnership","line":18,"loc":{"start":{"line":18,"column":4},"end":{"line":18,"column":64}}},"4":{"name":"acceptOwnership","line":21,"loc":{"start":{"line":21,"column":4},"end":{"line":21,"column":35}}},"5":{"name":"whenNotPaused","line":35,"loc":{"start":{"line":35,"column":4},"end":{"line":35,"column":26}}},"6":{"name":"whenPaused","line":40,"loc":{"start":{"line":40,"column":4},"end":{"line":40,"column":23}}},"7":{"name":"pause","line":45,"loc":{"start":{"line":45,"column":4},"end":{"line":45,"column":49}}},"8":{"name":"unpause","line":50,"loc":{"start":{"line":50,"column":4},"end":{"line":50,"column":48}}},"9":{"name":"add","line":156,"loc":{"start":{"line":156,"column":4},"end":{"line":156,"column":68}}},"10":{"name":"sub","line":172,"loc":{"start":{"line":172,"column":4},"end":{"line":172,"column":68}}},"11":{"name":"mul","line":188,"loc":{"start":{"line":188,"column":4},"end":{"line":188,"column":68}}},"12":{"name":"div","line":213,"loc":{"start":{"line":213,"column":4},"end":{"line":213,"column":68}}},"13":{"name":"totalSupply","line":262,"loc":{"start":{"line":262,"column":4},"end":{"line":262,"column":54}}},"14":{"name":"balanceOf","line":269,"loc":{"start":{"line":269,"column":4},"end":{"line":269,"column":67}}},"15":{"name":"allowance","line":277,"loc":{"start":{"line":277,"column":4},"end":{"line":277,"column":82}}},"16":{"name":"approve","line":288,"loc":{"start":{"line":288,"column":4},"end":{"line":288,"column":72}}},"17":{"name":"increaseAllowance","line":306,"loc":{"start":{"line":306,"column":4},"end":{"line":306,"column":87}}},"18":{"name":"decreaseAllowance","line":325,"loc":{"start":{"line":325,"column":4},"end":{"line":325,"column":92}}},"19":{"name":"_transfer","line":344,"loc":{"start":{"line":344,"column":4},"end":{"line":344,"column":80}}},"20":{"name":"_mint","line":362,"loc":{"start":{"line":362,"column":4},"end":{"line":362,"column":58}}},"21":{"name":"_burn","line":381,"loc":{"start":{"line":381,"column":4},"end":{"line":381,"column":57}}},"22":{"name":"_transferFrom","line":401,"loc":{"start":{"line":401,"column":4},"end":{"line":401,"column":113}}},"23":{"name":"_approve","line":421,"loc":{"start":{"line":421,"column":4},"end":{"line":421,"column":75}}},"24":{"name":null,"line":457,"loc":{"start":{"line":457,"column":4},"end":{"line":457,"column":50}}},"25":{"name":"transfer","line":473,"loc":{"start":{"line":473,"column":4},"end":{"line":473,"column":90}}},"26":{"name":"transferFrom","line":504,"loc":{"start":{"line":504,"column":4},"end":{"line":504,"column":110}}},"27":{"name":"sendTeamTokens","line":528,"loc":{"start":{"line":528,"column":4},"end":{"line":528,"column":111}}},"28":{"name":"sendMarketingTokens","line":547,"loc":{"start":{"line":547,"column":4},"end":{"line":547,"column":121}}},"29":{"name":"sendMaintainanceTokens","line":566,"loc":{"start":{"line":566,"column":4},"end":{"line":566,"column":127}}},"30":{"name":"sendAirDropIEO","line":582,"loc":{"start":{"line":582,"column":4},"end":{"line":582,"column":114}}},"31":{"name":"sendBountyIEO","line":598,"loc":{"start":{"line":598,"column":4},"end":{"line":598,"column":112}}},"32":{"name":"sendAirDropAndBountyDapps","line":615,"loc":{"start":{"line":615,"column":4},"end":{"line":615,"column":127}}},"33":{"name":"sendMintingTokens","line":631,"loc":{"start":{"line":631,"column":4},"end":{"line":631,"column":117}}},"34":{"name":"burn","line":648,"loc":{"start":{"line":648,"column":4},"end":{"line":648,"column":53}}},"35":{"name":"withdrawTeamTokens","line":653,"loc":{"start":{"line":653,"column":4},"end":{"line":653,"column":82}}}},"statementMap":{"1":{"start":{"line":10,"column":8},"end":{"line":10,"column":21}},"2":{"start":{"line":14,"column":8},"end":{"line":14,"column":35}},"3":{"start":{"line":19,"column":8},"end":{"line":19,"column":27}},"4":{"start":{"line":22,"column":8},"end":{"line":22,"column":38}},"5":{"start":{"line":23,"column":8},"end":{"line":23,"column":50}},"6":{"start":{"line":24,"column":8},"end":{"line":24,"column":23}},"7":{"start":{"line":25,"column":8},"end":{"line":25,"column":28}},"8":{"start":{"line":36,"column":6},"end":{"line":36,"column":21}},"9":{"start":{"line":41,"column":6},"end":{"line":41,"column":20}},"10":{"start":{"line":46,"column":6},"end":{"line":46,"column":18}},"11":{"start":{"line":47,"column":6},"end":{"line":47,"column":18}},"12":{"start":{"line":51,"column":6},"end":{"line":51,"column":19}},"13":{"start":{"line":52,"column":6},"end":{"line":52,"column":20}},"14":{"start":{"line":157,"column":8},"end":{"line":157,"column":24}},"15":{"start":{"line":158,"column":8},"end":{"line":158,"column":53}},"16":{"start":{"line":160,"column":8},"end":{"line":160,"column":16}},"17":{"start":{"line":173,"column":8},"end":{"line":173,"column":56}},"18":{"start":{"line":174,"column":8},"end":{"line":174,"column":24}},"19":{"start":{"line":176,"column":8},"end":{"line":176,"column":16}},"20":{"start":{"line":192,"column":8},"end":{"line":192,"column":5821}},"21":{"start":{"line":193,"column":12},"end":{"line":193,"column":20}},"22":{"start":{"line":196,"column":8},"end":{"line":196,"column":24}},"23":{"start":{"line":197,"column":8},"end":{"line":197,"column":63}},"24":{"start":{"line":199,"column":8},"end":{"line":199,"column":16}},"25":{"start":{"line":215,"column":8},"end":{"line":215,"column":51}},"26":{"start":{"line":216,"column":8},"end":{"line":216,"column":24}},"27":{"start":{"line":219,"column":8},"end":{"line":219,"column":16}},"28":{"start":{"line":263,"column":8},"end":{"line":263,"column":27}},"29":{"start":{"line":270,"column":8},"end":{"line":270,"column":33}},"30":{"start":{"line":278,"column":8},"end":{"line":278,"column":42}},"31":{"start":{"line":289,"column":8},"end":{"line":289,"column":43}},"32":{"start":{"line":290,"column":8},"end":{"line":290,"column":19}},"33":{"start":{"line":307,"column":8},"end":{"line":307,"column":86}},"34":{"start":{"line":308,"column":8},"end":{"line":308,"column":19}},"35":{"start":{"line":326,"column":8},"end":{"line":326,"column":91}},"36":{"start":{"line":327,"column":8},"end":{"line":327,"column":19}},"37":{"start":{"line":345,"column":8},"end":{"line":345,"column":77}},"38":{"start":{"line":346,"column":8},"end":{"line":346,"column":78}},"39":{"start":{"line":348,"column":8},"end":{"line":348,"column":56}},"40":{"start":{"line":349,"column":8},"end":{"line":349,"column":62}},"41":{"start":{"line":350,"column":8},"end":{"line":350,"column":48}},"42":{"start":{"line":363,"column":8},"end":{"line":363,"column":72}},"43":{"start":{"line":365,"column":8},"end":{"line":365,"column":46}},"44":{"start":{"line":366,"column":8},"end":{"line":366,"column":58}},"45":{"start":{"line":367,"column":8},"end":{"line":367,"column":50}},"46":{"start":{"line":382,"column":8},"end":{"line":382,"column":74}},"47":{"start":{"line":384,"column":8},"end":{"line":384,"column":45}},"48":{"start":{"line":385,"column":8},"end":{"line":385,"column":57}},"49":{"start":{"line":386,"column":8},"end":{"line":386,"column":49}},"50":{"start":{"line":402,"column":8},"end":{"line":402,"column":43}},"51":{"start":{"line":403,"column":8},"end":{"line":403,"column":80}},"52":{"start":{"line":404,"column":8},"end":{"line":404,"column":19}},"53":{"start":{"line":422,"column":8},"end":{"line":422,"column":75}},"54":{"start":{"line":423,"column":8},"end":{"line":423,"column":75}},"55":{"start":{"line":425,"column":8},"end":{"line":425,"column":42}},"56":{"start":{"line":426,"column":8},"end":{"line":426,"column":44}},"57":{"start":{"line":459,"column":8},"end":{"line":459,"column":46}},"58":{"start":{"line":461,"column":8},"end":{"line":461,"column":54}},"59":{"start":{"line":475,"column":7},"end":{"line":475,"column":15422}},"60":{"start":{"line":478,"column":8},"end":{"line":478,"column":75}},"61":{"start":{"line":489,"column":8},"end":{"line":489,"column":19}},"62":{"start":{"line":506,"column":7},"end":{"line":506,"column":16373}},"63":{"start":{"line":509,"column":8},"end":{"line":509,"column":106}},"64":{"start":{"line":519,"column":8},"end":{"line":519,"column":19}},"65":{"start":{"line":530,"column":8},"end":{"line":530,"column":36}},"66":{"start":{"line":531,"column":8},"end":{"line":531,"column":48}},"67":{"start":{"line":532,"column":8},"end":{"line":532,"column":46}},"68":{"start":{"line":533,"column":8},"end":{"line":533,"column":42}},"69":{"start":{"line":534,"column":8},"end":{"line":534,"column":43}},"70":{"start":{"line":535,"column":8},"end":{"line":535,"column":105}},"71":{"start":{"line":536,"column":8},"end":{"line":536,"column":46}},"72":{"start":{"line":538,"column":8},"end":{"line":538,"column":19}},"73":{"start":{"line":549,"column":8},"end":{"line":549,"column":41}},"74":{"start":{"line":550,"column":8},"end":{"line":550,"column":48}},"75":{"start":{"line":551,"column":8},"end":{"line":551,"column":46}},"76":{"start":{"line":552,"column":8},"end":{"line":552,"column":52}},"77":{"start":{"line":553,"column":8},"end":{"line":553,"column":53}},"78":{"start":{"line":554,"column":8},"end":{"line":554,"column":56}},"79":{"start":{"line":556,"column":8},"end":{"line":556,"column":19}},"80":{"start":{"line":568,"column":8},"end":{"line":568,"column":44}},"81":{"start":{"line":569,"column":8},"end":{"line":569,"column":48}},"82":{"start":{"line":570,"column":8},"end":{"line":570,"column":46}},"83":{"start":{"line":571,"column":8},"end":{"line":571,"column":58}},"84":{"start":{"line":573,"column":8},"end":{"line":573,"column":19}},"85":{"start":{"line":584,"column":8},"end":{"line":584,"column":38}},"86":{"start":{"line":585,"column":8},"end":{"line":585,"column":48}},"87":{"start":{"line":586,"column":8},"end":{"line":586,"column":46}},"88":{"start":{"line":587,"column":8},"end":{"line":587,"column":46}},"89":{"start":{"line":589,"column":8},"end":{"line":589,"column":19}},"90":{"start":{"line":600,"column":8},"end":{"line":600,"column":37}},"91":{"start":{"line":601,"column":8},"end":{"line":601,"column":48}},"92":{"start":{"line":602,"column":8},"end":{"line":602,"column":46}},"93":{"start":{"line":603,"column":8},"end":{"line":603,"column":44}},"94":{"start":{"line":605,"column":8},"end":{"line":605,"column":19}},"95":{"start":{"line":617,"column":8},"end":{"line":617,"column":42}},"96":{"start":{"line":618,"column":8},"end":{"line":618,"column":48}},"97":{"start":{"line":619,"column":8},"end":{"line":619,"column":46}},"98":{"start":{"line":620,"column":8},"end":{"line":620,"column":54}},"99":{"start":{"line":622,"column":8},"end":{"line":622,"column":19}},"100":{"start":{"line":633,"column":8},"end":{"line":633,"column":39}},"101":{"start":{"line":634,"column":8},"end":{"line":634,"column":48}},"102":{"start":{"line":635,"column":8},"end":{"line":635,"column":46}},"103":{"start":{"line":636,"column":8},"end":{"line":636,"column":48}},"104":{"start":{"line":638,"column":8},"end":{"line":638,"column":19}},"105":{"start":{"line":650,"column":8},"end":{"line":650,"column":32}},"106":{"start":{"line":655,"column":8},"end":{"line":655,"column":71}},"107":{"start":{"line":656,"column":8},"end":{"line":656,"column":108}},"108":{"start":{"line":657,"column":8},"end":{"line":657,"column":80}},"109":{"start":{"line":659,"column":8},"end":{"line":659,"column":21957}},"110":{"start":{"line":661,"column":11},"end":{"line":661,"column":140}},"111":{"start":{"line":662,"column":11},"end":{"line":662,"column":75}},"112":{"start":{"line":663,"column":11},"end":{"line":663,"column":122}},"113":{"start":{"line":667,"column":13},"end":{"line":667,"column":22444}},"114":{"start":{"line":669,"column":11},"end":{"line":669,"column":140}},"115":{"start":{"line":670,"column":11},"end":{"line":670,"column":75}},"116":{"start":{"line":671,"column":11},"end":{"line":671,"column":78}},"117":{"start":{"line":675,"column":13},"end":{"line":675,"column":22889}},"118":{"start":{"line":677,"column":11},"end":{"line":677,"column":140}},"119":{"start":{"line":678,"column":11},"end":{"line":678,"column":75}},"120":{"start":{"line":679,"column":11},"end":{"line":679,"column":78}},"121":{"start":{"line":683,"column":13},"end":{"line":683,"column":23324}},"122":{"start":{"line":685,"column":11},"end":{"line":685,"column":140}},"123":{"start":{"line":686,"column":11},"end":{"line":686,"column":75}},"124":{"start":{"line":687,"column":11},"end":{"line":687,"column":78}},"125":{"start":{"line":691,"column":13},"end":{"line":691,"column":23771}},"126":{"start":{"line":693,"column":11},"end":{"line":693,"column":140}},"127":{"start":{"line":694,"column":11},"end":{"line":694,"column":75}},"128":{"start":{"line":695,"column":11},"end":{"line":695,"column":78}},"129":{"start":{"line":699,"column":13},"end":{"line":699,"column":24218}},"130":{"start":{"line":701,"column":11},"end":{"line":701,"column":140}},"131":{"start":{"line":702,"column":11},"end":{"line":702,"column":75}},"132":{"start":{"line":703,"column":11},"end":{"line":703,"column":78}},"133":{"start":{"line":707,"column":13},"end":{"line":707,"column":24665}},"134":{"start":{"line":709,"column":11},"end":{"line":709,"column":140}},"135":{"start":{"line":710,"column":11},"end":{"line":710,"column":75}},"136":{"start":{"line":711,"column":11},"end":{"line":711,"column":78}},"137":{"start":{"line":715,"column":13},"end":{"line":715,"column":25112}},"138":{"start":{"line":717,"column":11},"end":{"line":717,"column":140}},"139":{"start":{"line":718,"column":11},"end":{"line":718,"column":75}},"140":{"start":{"line":719,"column":11},"end":{"line":719,"column":78}},"141":{"start":{"line":723,"column":13},"end":{"line":723,"column":25559}},"142":{"start":{"line":725,"column":11},"end":{"line":725,"column":140}},"143":{"start":{"line":726,"column":11},"end":{"line":726,"column":75}},"144":{"start":{"line":727,"column":11},"end":{"line":727,"column":78}},"145":{"start":{"line":731,"column":13},"end":{"line":731,"column":26017}},"146":{"start":{"line":733,"column":11},"end":{"line":733,"column":122}},"147":{"start":{"line":734,"column":11},"end":{"line":734,"column":75}}},"branchMap":{"1":{"line":14,"type":"if","locations":[{"start":{"line":14,"column":8},"end":{"line":14,"column":8}},{"start":{"line":14,"column":8},"end":{"line":14,"column":8}}]},"2":{"line":22,"type":"if","locations":[{"start":{"line":22,"column":8},"end":{"line":22,"column":8}},{"start":{"line":22,"column":8},"end":{"line":22,"column":8}}]},"3":{"line":36,"type":"if","locations":[{"start":{"line":36,"column":6},"end":{"line":36,"column":6}},{"start":{"line":36,"column":6},"end":{"line":36,"column":6}}]},"4":{"line":41,"type":"if","locations":[{"start":{"line":41,"column":6},"end":{"line":41,"column":6}},{"start":{"line":41,"column":6},"end":{"line":41,"column":6}}]},"5":{"line":158,"type":"if","locations":[{"start":{"line":158,"column":8},"end":{"line":158,"column":8}},{"start":{"line":158,"column":8},"end":{"line":158,"column":8}}]},"6":{"line":173,"type":"if","locations":[{"start":{"line":173,"column":8},"end":{"line":173,"column":8}},{"start":{"line":173,"column":8},"end":{"line":173,"column":8}}]},"7":{"line":192,"type":"if","locations":[{"start":{"line":192,"column":8},"end":{"line":192,"column":8}},{"start":{"line":192,"column":8},"end":{"line":192,"column":8}}]},"8":{"line":197,"type":"if","locations":[{"start":{"line":197,"column":8},"end":{"line":197,"column":8}},{"start":{"line":197,"column":8},"end":{"line":197,"column":8}}]},"9":{"line":215,"type":"if","locations":[{"start":{"line":215,"column":8},"end":{"line":215,"column":8}},{"start":{"line":215,"column":8},"end":{"line":215,"column":8}}]},"10":{"line":345,"type":"if","locations":[{"start":{"line":345,"column":8},"end":{"line":345,"column":8}},{"start":{"line":345,"column":8},"end":{"line":345,"column":8}}]},"11":{"line":346,"type":"if","locations":[{"start":{"line":346,"column":8},"end":{"line":346,"column":8}},{"start":{"line":346,"column":8},"end":{"line":346,"column":8}}]},"12":{"line":363,"type":"if","locations":[{"start":{"line":363,"column":8},"end":{"line":363,"column":8}},{"start":{"line":363,"column":8},"end":{"line":363,"column":8}}]},"13":{"line":382,"type":"if","locations":[{"start":{"line":382,"column":8},"end":{"line":382,"column":8}},{"start":{"line":382,"column":8},"end":{"line":382,"column":8}}]},"14":{"line":422,"type":"if","locations":[{"start":{"line":422,"column":8},"end":{"line":422,"column":8}},{"start":{"line":422,"column":8},"end":{"line":422,"column":8}}]},"15":{"line":423,"type":"if","locations":[{"start":{"line":423,"column":8},"end":{"line":423,"column":8}},{"start":{"line":423,"column":8},"end":{"line":423,"column":8}}]},"16":{"line":475,"type":"if","locations":[{"start":{"line":475,"column":7},"end":{"line":475,"column":7}},{"start":{"line":475,"column":7},"end":{"line":475,"column":7}}]},"17":{"line":478,"type":"if","locations":[{"start":{"line":478,"column":8},"end":{"line":478,"column":8}},{"start":{"line":478,"column":8},"end":{"line":478,"column":8}}]},"18":{"line":506,"type":"if","locations":[{"start":{"line":506,"column":7},"end":{"line":506,"column":7}},{"start":{"line":506,"column":7},"end":{"line":506,"column":7}}]},"19":{"line":509,"type":"if","locations":[{"start":{"line":509,"column":8},"end":{"line":509,"column":8}},{"start":{"line":509,"column":8},"end":{"line":509,"column":8}}]},"20":{"line":530,"type":"if","locations":[{"start":{"line":530,"column":8},"end":{"line":530,"column":8}},{"start":{"line":530,"column":8},"end":{"line":530,"column":8}}]},"21":{"line":532,"type":"if","locations":[{"start":{"line":532,"column":8},"end":{"line":532,"column":8}},{"start":{"line":532,"column":8},"end":{"line":532,"column":8}}]},"22":{"line":549,"type":"if","locations":[{"start":{"line":549,"column":8},"end":{"line":549,"column":8}},{"start":{"line":549,"column":8},"end":{"line":549,"column":8}}]},"23":{"line":551,"type":"if","locations":[{"start":{"line":551,"column":8},"end":{"line":551,"column":8}},{"start":{"line":551,"column":8},"end":{"line":551,"column":8}}]},"24":{"line":568,"type":"if","locations":[{"start":{"line":568,"column":8},"end":{"line":568,"column":8}},{"start":{"line":568,"column":8},"end":{"line":568,"column":8}}]},"25":{"line":570,"type":"if","locations":[{"start":{"line":570,"column":8},"end":{"line":570,"column":8}},{"start":{"line":570,"column":8},"end":{"line":570,"column":8}}]},"26":{"line":584,"type":"if","locations":[{"start":{"line":584,"column":8},"end":{"line":584,"column":8}},{"start":{"line":584,"column":8},"end":{"line":584,"column":8}}]},"27":{"line":586,"type":"if","locations":[{"start":{"line":586,"column":8},"end":{"line":586,"column":8}},{"start":{"line":586,"column":8},"end":{"line":586,"column":8}}]},"28":{"line":600,"type":"if","locations":[{"start":{"line":600,"column":8},"end":{"line":600,"column":8}},{"start":{"line":600,"column":8},"end":{"line":600,"column":8}}]},"29":{"line":602,"type":"if","locations":[{"start":{"line":602,"column":8},"end":{"line":602,"column":8}},{"start":{"line":602,"column":8},"end":{"line":602,"column":8}}]},"30":{"line":617,"type":"if","locations":[{"start":{"line":617,"column":8},"end":{"line":617,"column":8}},{"start":{"line":617,"column":8},"end":{"line":617,"column":8}}]},"31":{"line":619,"type":"if","locations":[{"start":{"line":619,"column":8},"end":{"line":619,"column":8}},{"start":{"line":619,"column":8},"end":{"line":619,"column":8}}]},"32":{"line":633,"type":"if","locations":[{"start":{"line":633,"column":8},"end":{"line":633,"column":8}},{"start":{"line":633,"column":8},"end":{"line":633,"column":8}}]},"33":{"line":635,"type":"if","locations":[{"start":{"line":635,"column":8},"end":{"line":635,"column":8}},{"start":{"line":635,"column":8},"end":{"line":635,"column":8}}]},"34":{"line":655,"type":"if","locations":[{"start":{"line":655,"column":8},"end":{"line":655,"column":8}},{"start":{"line":655,"column":8},"end":{"line":655,"column":8}}]},"35":{"line":656,"type":"if","locations":[{"start":{"line":656,"column":8},"end":{"line":656,"column":8}},{"start":{"line":656,"column":8},"end":{"line":656,"column":8}}]},"36":{"line":659,"type":"if","locations":[{"start":{"line":659,"column":8},"end":{"line":659,"column":8}},{"start":{"line":659,"column":8},"end":{"line":659,"column":8}}]},"37":{"line":661,"type":"if","locations":[{"start":{"line":661,"column":11},"end":{"line":661,"column":11}},{"start":{"line":661,"column":11},"end":{"line":661,"column":11}}]},"38":{"line":663,"type":"if","locations":[{"start":{"line":663,"column":11},"end":{"line":663,"column":11}},{"start":{"line":663,"column":11},"end":{"line":663,"column":11}}]},"39":{"line":667,"type":"if","locations":[{"start":{"line":667,"column":13},"end":{"line":667,"column":13}},{"start":{"line":667,"column":13},"end":{"line":667,"column":13}}]},"40":{"line":669,"type":"if","locations":[{"start":{"line":669,"column":11},"end":{"line":669,"column":11}},{"start":{"line":669,"column":11},"end":{"line":669,"column":11}}]},"41":{"line":671,"type":"if","locations":[{"start":{"line":671,"column":11},"end":{"line":671,"column":11}},{"start":{"line":671,"column":11},"end":{"line":671,"column":11}}]},"42":{"line":675,"type":"if","locations":[{"start":{"line":675,"column":13},"end":{"line":675,"column":13}},{"start":{"line":675,"column":13},"end":{"line":675,"column":13}}]},"43":{"line":677,"type":"if","locations":[{"start":{"line":677,"column":11},"end":{"line":677,"column":11}},{"start":{"line":677,"column":11},"end":{"line":677,"column":11}}]},"44":{"line":679,"type":"if","locations":[{"start":{"line":679,"column":11},"end":{"line":679,"column":11}},{"start":{"line":679,"column":11},"end":{"line":679,"column":11}}]},"45":{"line":683,"type":"if","locations":[{"start":{"line":683,"column":13},"end":{"line":683,"column":13}},{"start":{"line":683,"column":13},"end":{"line":683,"column":13}}]},"46":{"line":685,"type":"if","locations":[{"start":{"line":685,"column":11},"end":{"line":685,"column":11}},{"start":{"line":685,"column":11},"end":{"line":685,"column":11}}]},"47":{"line":687,"type":"if","locations":[{"start":{"line":687,"column":11},"end":{"line":687,"column":11}},{"start":{"line":687,"column":11},"end":{"line":687,"column":11}}]},"48":{"line":691,"type":"if","locations":[{"start":{"line":691,"column":13},"end":{"line":691,"column":13}},{"start":{"line":691,"column":13},"end":{"line":691,"column":13}}]},"49":{"line":693,"type":"if","locations":[{"start":{"line":693,"column":11},"end":{"line":693,"column":11}},{"start":{"line":693,"column":11},"end":{"line":693,"column":11}}]},"50":{"line":695,"type":"if","locations":[{"start":{"line":695,"column":11},"end":{"line":695,"column":11}},{"start":{"line":695,"column":11},"end":{"line":695,"column":11}}]},"51":{"line":699,"type":"if","locations":[{"start":{"line":699,"column":13},"end":{"line":699,"column":13}},{"start":{"line":699,"column":13},"end":{"line":699,"column":13}}]},"52":{"line":701,"type":"if","locations":[{"start":{"line":701,"column":11},"end":{"line":701,"column":11}},{"start":{"line":701,"column":11},"end":{"line":701,"column":11}}]},"53":{"line":703,"type":"if","locations":[{"start":{"line":703,"column":11},"end":{"line":703,"column":11}},{"start":{"line":703,"column":11},"end":{"line":703,"column":11}}]},"54":{"line":707,"type":"if","locations":[{"start":{"line":707,"column":13},"end":{"line":707,"column":13}},{"start":{"line":707,"column":13},"end":{"line":707,"column":13}}]},"55":{"line":709,"type":"if","locations":[{"start":{"line":709,"column":11},"end":{"line":709,"column":11}},{"start":{"line":709,"column":11},"end":{"line":709,"column":11}}]},"56":{"line":711,"type":"if","locations":[{"start":{"line":711,"column":11},"end":{"line":711,"column":11}},{"start":{"line":711,"column":11},"end":{"line":711,"column":11}}]},"57":{"line":715,"type":"if","locations":[{"start":{"line":715,"column":13},"end":{"line":715,"column":13}},{"start":{"line":715,"column":13},"end":{"line":715,"column":13}}]},"58":{"line":717,"type":"if","locations":[{"start":{"line":717,"column":11},"end":{"line":717,"column":11}},{"start":{"line":717,"column":11},"end":{"line":717,"column":11}}]},"59":{"line":719,"type":"if","locations":[{"start":{"line":719,"column":11},"end":{"line":719,"column":11}},{"start":{"line":719,"column":11},"end":{"line":719,"column":11}}]},"60":{"line":723,"type":"if","locations":[{"start":{"line":723,"column":13},"end":{"line":723,"column":13}},{"start":{"line":723,"column":13},"end":{"line":723,"column":13}}]},"61":{"line":725,"type":"if","locations":[{"start":{"line":725,"column":11},"end":{"line":725,"column":11}},{"start":{"line":725,"column":11},"end":{"line":725,"column":11}}]},"62":{"line":727,"type":"if","locations":[{"start":{"line":727,"column":11},"end":{"line":727,"column":11}},{"start":{"line":727,"column":11},"end":{"line":727,"column":11}}]},"63":{"line":731,"type":"if","locations":[{"start":{"line":731,"column":13},"end":{"line":731,"column":13}},{"start":{"line":731,"column":13},"end":{"line":731,"column":13}}]},"64":{"line":733,"type":"if","locations":[{"start":{"line":733,"column":11},"end":{"line":733,"column":11}},{"start":{"line":733,"column":11},"end":{"line":733,"column":11}}]}}}}