TN:
SF:/home/abhi/Projects/fesschain/contracts/FessChain.sol
FN:9,
FN:13,onlyOwner
FN:18,transferOwnership
FN:21,acceptOwnership
FN:35,whenNotPaused
FN:40,whenPaused
FN:45,pause
FN:50,unpause
FN:156,add
FN:172,sub
FN:188,mul
FN:213,div
FN:262,totalSupply
FN:269,balanceOf
FN:277,allowance
FN:288,approve
FN:306,increaseAllowance
FN:325,decreaseAllowance
FN:344,_transfer
FN:362,_mint
FN:381,_burn
FN:401,_transferFrom
FN:421,_approve
FN:457,
FN:473,transfer
FN:504,transferFrom
FN:528,sendTeamTokens
FN:547,sendMarketingTokens
FN:566,sendMaintainanceTokens
FN:582,sendAirDropIEO
FN:598,sendBountyIEO
FN:615,sendAirDropAndBountyDapps
FN:631,sendMintingTokens
FN:648,burn
FN:653,withdrawTeamTokens
FNF:35
FNH:35
FNDA:2,
FNDA:35,onlyOwner
FNDA:1,transferOwnership
FNDA:1,acceptOwnership
FNDA:50,whenNotPaused
FNDA:7,whenPaused
FNDA:7,pause
FNDA:7,unpause
FNDA:72,add
FNDA:67,sub
FNDA:13,mul
FNDA:35,div
FNDA:15,totalSupply
FNDA:63,balanceOf
FNDA:8,allowance
FNDA:2,approve
FNDA:1,increaseAllowance
FNDA:1,decreaseAllowance
FNDA:28,_transfer
FNDA:2,_mint
FNDA:1,_burn
FNDA:1,_transferFrom
FNDA:5,_approve
FNDA:2,
FNDA:3,transfer
FNDA:1,transferFrom
FNDA:2,sendTeamTokens
FNDA:2,sendMarketingTokens
FNDA:2,sendMaintainanceTokens
FNDA:2,sendAirDropIEO
FNDA:2,sendBountyIEO
FNDA:1,sendAirDropAndBountyDapps
FNDA:2,sendMintingTokens
FNDA:1,burn
FNDA:12,withdrawTeamTokens
DA:10,2
DA:14,35
DA:15,28
DA:19,1
DA:22,1
DA:23,1
DA:24,1
DA:25,1
DA:36,50
DA:37,44
DA:41,7
DA:42,7
DA:46,7
DA:47,7
DA:51,7
DA:52,7
DA:157,72
DA:158,72
DA:160,72
DA:173,67
DA:174,67
DA:176,67
DA:192,13
DA:193,0
DA:196,13
DA:197,13
DA:199,13
DA:215,35
DA:216,35
DA:219,35
DA:263,15
DA:270,63
DA:278,8
DA:289,2
DA:290,2
DA:307,1
DA:308,1
DA:326,1
DA:327,1
DA:345,28
DA:346,28
DA:348,28
DA:349,28
DA:350,28
DA:363,2
DA:365,2
DA:366,2
DA:367,2
DA:382,1
DA:384,1
DA:385,1
DA:386,1
DA:402,1
DA:403,1
DA:404,1
DA:422,5
DA:423,5
DA:425,5
DA:426,5
DA:459,2
DA:460,2
DA:461,2
DA:475,3
DA:478,1
DA:479,0
DA:485,2
DA:489,2
DA:506,1
DA:509,0
DA:510,0
DA:516,1
DA:519,1
DA:530,2
DA:531,2
DA:532,2
DA:533,2
DA:534,2
DA:535,2
DA:536,2
DA:537,2
DA:538,2
DA:549,2
DA:550,2
DA:551,2
DA:552,2
DA:553,2
DA:554,2
DA:555,2
DA:556,2
DA:568,2
DA:569,2
DA:570,2
DA:571,2
DA:572,2
DA:573,2
DA:584,2
DA:585,2
DA:586,2
DA:587,2
DA:588,2
DA:589,2
DA:600,2
DA:601,2
DA:602,2
DA:603,2
DA:604,2
DA:605,2
DA:617,1
DA:618,1
DA:619,1
DA:620,1
DA:621,1
DA:622,1
DA:633,2
DA:634,2
DA:635,2
DA:636,2
DA:637,2
DA:638,2
DA:650,1
DA:655,12
DA:656,11
DA:657,11
DA:659,11
DA:661,1
DA:662,1
DA:663,1
DA:664,1
DA:669,1
DA:670,1
DA:671,1
DA:672,1
DA:677,1
DA:678,1
DA:679,1
DA:680,1
DA:685,1
DA:686,1
DA:687,1
DA:688,1
DA:693,1
DA:694,1
DA:695,1
DA:696,1
DA:701,1
DA:702,1
DA:703,1
DA:704,1
DA:709,1
DA:710,1
DA:711,1
DA:712,1
DA:717,1
DA:718,1
DA:719,1
DA:720,1
DA:725,1
DA:726,1
DA:727,1
DA:728,1
DA:733,2
DA:734,1
DA:735,1
LF:163
LH:159
BRDA:14,1,0,28
BRDA:14,1,1,7
BRDA:22,2,0,1
BRDA:22,2,1,0
BRDA:36,3,0,44
BRDA:36,3,1,6
BRDA:41,4,0,7
BRDA:41,4,1,0
BRDA:158,5,0,72
BRDA:158,5,1,0
BRDA:173,6,0,67
BRDA:173,6,1,0
BRDA:192,7,0,0
BRDA:192,7,1,13
BRDA:197,8,0,13
BRDA:197,8,1,0
BRDA:215,9,0,35
BRDA:215,9,1,0
BRDA:345,10,0,28
BRDA:345,10,1,0
BRDA:346,11,0,28
BRDA:346,11,1,0
BRDA:363,12,0,2
BRDA:363,12,1,0
BRDA:382,13,0,1
BRDA:382,13,1,0
BRDA:422,14,0,5
BRDA:422,14,1,0
BRDA:423,15,0,5
BRDA:423,15,1,0
BRDA:475,16,0,1
BRDA:475,16,1,2
BRDA:478,17,0,0
BRDA:478,17,1,1
BRDA:506,18,0,0
BRDA:506,18,1,1
BRDA:509,19,0,0
BRDA:509,19,1,0
BRDA:530,20,0,2
BRDA:530,20,1,0
BRDA:532,21,0,2
BRDA:532,21,1,0
BRDA:549,22,0,2
BRDA:549,22,1,0
BRDA:551,23,0,2
BRDA:551,23,1,0
BRDA:568,24,0,2
BRDA:568,24,1,0
BRDA:570,25,0,2
BRDA:570,25,1,0
BRDA:584,26,0,2
BRDA:584,26,1,0
BRDA:586,27,0,2
BRDA:586,27,1,0
BRDA:600,28,0,2
BRDA:600,28,1,0
BRDA:602,29,0,2
BRDA:602,29,1,0
BRDA:617,30,0,1
BRDA:617,30,1,0
BRDA:619,31,0,1
BRDA:619,31,1,0
BRDA:633,32,0,2
BRDA:633,32,1,0
BRDA:635,33,0,2
BRDA:635,33,1,0
BRDA:655,34,0,11
BRDA:655,34,1,1
BRDA:656,35,0,11
BRDA:656,35,1,0
BRDA:659,36,0,1
BRDA:659,36,1,10
BRDA:661,37,0,1
BRDA:661,37,1,0
BRDA:663,38,0,1
BRDA:663,38,1,0
BRDA:667,39,0,1
BRDA:667,39,1,9
BRDA:669,40,0,1
BRDA:669,40,1,0
BRDA:671,41,0,1
BRDA:671,41,1,0
BRDA:675,42,0,1
BRDA:675,42,1,8
BRDA:677,43,0,1
BRDA:677,43,1,0
BRDA:679,44,0,1
BRDA:679,44,1,0
BRDA:683,45,0,1
BRDA:683,45,1,7
BRDA:685,46,0,1
BRDA:685,46,1,0
BRDA:687,47,0,1
BRDA:687,47,1,0
BRDA:691,48,0,1
BRDA:691,48,1,6
BRDA:693,49,0,1
BRDA:693,49,1,0
BRDA:695,50,0,1
BRDA:695,50,1,0
BRDA:699,51,0,1
BRDA:699,51,1,5
BRDA:701,52,0,1
BRDA:701,52,1,0
BRDA:703,53,0,1
BRDA:703,53,1,0
BRDA:707,54,0,1
BRDA:707,54,1,4
BRDA:709,55,0,1
BRDA:709,55,1,0
BRDA:711,56,0,1
BRDA:711,56,1,0
BRDA:715,57,0,1
BRDA:715,57,1,3
BRDA:717,58,0,1
BRDA:717,58,1,0
BRDA:719,59,0,1
BRDA:719,59,1,0
BRDA:723,60,0,1
BRDA:723,60,1,2
BRDA:725,61,0,1
BRDA:725,61,1,0
BRDA:727,62,0,1
BRDA:727,62,1,0
BRDA:731,63,0,2
BRDA:731,63,1,0
BRDA:733,64,0,1
BRDA:733,64,1,1
BRF:128
BRH:77
end_of_record
